DEB [20170824-17:35:15.926] thr=1   paramiko.transport: starting thread (server mode): 0x8b7cf90L
DEB [20170824-17:35:15.926] thr=1   paramiko.transport: Local version/idstring: SSH-2.0-paramiko_2.2.1
DEB [20170824-17:35:15.926] thr=1   paramiko.transport: Remote version/idstring: SSH-2.0-paramiko_2.2.1
INF [20170824-17:35:15.927] thr=1   paramiko.transport: Connected (version 2.0, client paramiko_2.2.1)
DEB [20170824-17:35:15.928] thr=1   paramiko.transport: kex algos:[u'ecdh-sha2-nistp256', u'ecdh-sha2-nistp384', u'ecdh-sha2-nistp521', u'diffie-hellman-group-exchange-sha256', u'diffie-hellman-group-exchange-sha1', u'diffie-hellman-group14-sha1', u'diffie-hellman-group1-sha1'] server key:[u'ssh-ed25519', u'ecdsa-sha2-nistp256', u'ecdsa-sha2-nistp384', u'ecdsa-sha2-nistp521', u'ssh-rsa', u'ssh-dss'] client encrypt:[u'aes128-ctr', u'aes192-ctr', u'aes256-ctr', u'aes128-cbc', u'aes192-cbc', u'aes256-cbc', u'blowfish-cbc', u'3des-cbc'] server encrypt:[u'aes128-ctr', u'aes192-ctr', u'aes256-ctr', u'aes128-cbc', u'aes192-cbc', u'aes256-cbc', u'blowfish-cbc', u'3des-cbc'] client mac:[u'hmac-sha2-256', u'hmac-sha2-512', u'hmac-sha1', u'hmac-md5', u'hmac-sha1-96', u'hmac-md5-96'] server mac:[u'hmac-sha2-256', u'hmac-sha2-512', u'hmac-sha1', u'hmac-md5', u'hmac-sha1-96', u'hmac-md5-96'] client compress:[u'none'] server compress:[u'none'] client lang:[u''] server lang:[u''] kex follows?False
DEB [20170824-17:35:15.928] thr=1   paramiko.transport: Kex agreed: ecdh-sha2-nistp256
DEB [20170824-17:35:15.928] thr=1   paramiko.transport: HostKey agreed: ssh-rsa
DEB [20170824-17:35:15.928] thr=1   paramiko.transport: Cipher agreed: aes128-ctr
DEB [20170824-17:35:15.928] thr=1   paramiko.transport: MAC agreed: hmac-sha2-256
DEB [20170824-17:35:15.928] thr=1   paramiko.transport: Compression agreed: none
DEB [20170824-17:35:15.977] thr=1   paramiko.transport: kex engine KexNistp256 specified hash_algo <built-in function openssl_sha256>
DEB [20170824-17:35:15.979] thr=1   paramiko.transport: Switch to new keys ...
DEB [20170824-17:35:16.000] thr=1   paramiko.transport: Auth request (type=publickey) service=ssh-connection, username=robit
INF [20170824-17:35:16.001] thr=1   paramiko.transport: Auth rejected (publickey).
DEB [20170824-17:35:16.005] thr=1   paramiko.transport: Auth request (type=password) service=ssh-connection, username=robit
ERR [20170824-17:35:16.006] thr=1   paramiko.transport: Unknown exception: global name 'paramike' is not defined
ERR [20170824-17:35:16.007] thr=1   paramiko.transport: Traceback (most recent call last):
ERR [20170824-17:35:16.007] thr=1   paramiko.transport:   File "/usr/local/lib/python2.7/site-packages/paramiko/transport.py", line 1860, in run
ERR [20170824-17:35:16.007] thr=1   paramiko.transport:     handler(self.auth_handler, m)
ERR [20170824-17:35:16.007] thr=1   paramiko.transport:   File "/usr/local/lib/python2.7/site-packages/paramiko/auth_handler.py", line 439, in _parse_userauth_request
ERR [20170824-17:35:16.007] thr=1   paramiko.transport:     username, password)
ERR [20170824-17:35:16.007] thr=1   paramiko.transport:   File "/Users/liqin/Desktop/git/SSH/server.py", line 34, in check_auth_password
ERR [20170824-17:35:16.007] thr=1   paramiko.transport:     return paramike.AUTH_FAILED
ERR [20170824-17:35:16.007] thr=1   paramiko.transport: NameError: global name 'paramike' is not defined
ERR [20170824-17:35:16.007] thr=1   paramiko.transport: 
DEB [20170824-19:10:10.842] thr=1   paramiko.transport: starting thread (server mode): 0x2745f90L
DEB [20170824-19:10:10.845] thr=1   paramiko.transport: Local version/idstring: SSH-2.0-paramiko_2.2.1
DEB [20170824-19:10:10.845] thr=1   paramiko.transport: Remote version/idstring: SSH-2.0-paramiko_2.2.1
INF [20170824-19:10:10.845] thr=1   paramiko.transport: Connected (version 2.0, client paramiko_2.2.1)
DEB [20170824-19:10:10.846] thr=1   paramiko.transport: kex algos:[u'ecdh-sha2-nistp256', u'ecdh-sha2-nistp384', u'ecdh-sha2-nistp521', u'diffie-hellman-group-exchange-sha256', u'diffie-hellman-group-exchange-sha1', u'diffie-hellman-group14-sha1', u'diffie-hellman-group1-sha1'] server key:[u'ssh-ed25519', u'ecdsa-sha2-nistp256', u'ecdsa-sha2-nistp384', u'ecdsa-sha2-nistp521', u'ssh-rsa', u'ssh-dss'] client encrypt:[u'aes128-ctr', u'aes192-ctr', u'aes256-ctr', u'aes128-cbc', u'aes192-cbc', u'aes256-cbc', u'blowfish-cbc', u'3des-cbc'] server encrypt:[u'aes128-ctr', u'aes192-ctr', u'aes256-ctr', u'aes128-cbc', u'aes192-cbc', u'aes256-cbc', u'blowfish-cbc', u'3des-cbc'] client mac:[u'hmac-sha2-256', u'hmac-sha2-512', u'hmac-sha1', u'hmac-md5', u'hmac-sha1-96', u'hmac-md5-96'] server mac:[u'hmac-sha2-256', u'hmac-sha2-512', u'hmac-sha1', u'hmac-md5', u'hmac-sha1-96', u'hmac-md5-96'] client compress:[u'none'] server compress:[u'none'] client lang:[u''] server lang:[u''] kex follows?False
DEB [20170824-19:10:10.846] thr=1   paramiko.transport: Kex agreed: ecdh-sha2-nistp256
DEB [20170824-19:10:10.846] thr=1   paramiko.transport: HostKey agreed: ssh-rsa
DEB [20170824-19:10:10.847] thr=1   paramiko.transport: Cipher agreed: aes128-ctr
DEB [20170824-19:10:10.847] thr=1   paramiko.transport: MAC agreed: hmac-sha2-256
DEB [20170824-19:10:10.847] thr=1   paramiko.transport: Compression agreed: none
DEB [20170824-19:10:10.896] thr=1   paramiko.transport: kex engine KexNistp256 specified hash_algo <built-in function openssl_sha256>
DEB [20170824-19:10:10.898] thr=1   paramiko.transport: Switch to new keys ...
DEB [20170824-19:10:11.002] thr=1   paramiko.transport: EOF in transport thread
DEB [20170824-19:12:13.230] thr=1   paramiko.transport: starting thread (server mode): 0xace6f90L
DEB [20170824-19:12:13.230] thr=1   paramiko.transport: Local version/idstring: SSH-2.0-paramiko_2.2.1
DEB [20170824-19:12:13.230] thr=1   paramiko.transport: Remote version/idstring: SSH-2.0-paramiko_2.2.1
INF [20170824-19:12:13.230] thr=1   paramiko.transport: Connected (version 2.0, client paramiko_2.2.1)
DEB [20170824-19:12:13.231] thr=1   paramiko.transport: kex algos:[u'ecdh-sha2-nistp256', u'ecdh-sha2-nistp384', u'ecdh-sha2-nistp521', u'diffie-hellman-group-exchange-sha256', u'diffie-hellman-group-exchange-sha1', u'diffie-hellman-group14-sha1', u'diffie-hellman-group1-sha1'] server key:[u'ssh-ed25519', u'ecdsa-sha2-nistp256', u'ecdsa-sha2-nistp384', u'ecdsa-sha2-nistp521', u'ssh-rsa', u'ssh-dss'] client encrypt:[u'aes128-ctr', u'aes192-ctr', u'aes256-ctr', u'aes128-cbc', u'aes192-cbc', u'aes256-cbc', u'blowfish-cbc', u'3des-cbc'] server encrypt:[u'aes128-ctr', u'aes192-ctr', u'aes256-ctr', u'aes128-cbc', u'aes192-cbc', u'aes256-cbc', u'blowfish-cbc', u'3des-cbc'] client mac:[u'hmac-sha2-256', u'hmac-sha2-512', u'hmac-sha1', u'hmac-md5', u'hmac-sha1-96', u'hmac-md5-96'] server mac:[u'hmac-sha2-256', u'hmac-sha2-512', u'hmac-sha1', u'hmac-md5', u'hmac-sha1-96', u'hmac-md5-96'] client compress:[u'none'] server compress:[u'none'] client lang:[u''] server lang:[u''] kex follows?False
DEB [20170824-19:12:13.231] thr=1   paramiko.transport: Kex agreed: ecdh-sha2-nistp256
DEB [20170824-19:12:13.232] thr=1   paramiko.transport: HostKey agreed: ssh-rsa
DEB [20170824-19:12:13.232] thr=1   paramiko.transport: Cipher agreed: aes128-ctr
DEB [20170824-19:12:13.232] thr=1   paramiko.transport: MAC agreed: hmac-sha2-256
DEB [20170824-19:12:13.232] thr=1   paramiko.transport: Compression agreed: none
DEB [20170824-19:12:13.277] thr=1   paramiko.transport: kex engine KexNistp256 specified hash_algo <built-in function openssl_sha256>
DEB [20170824-19:12:13.279] thr=1   paramiko.transport: Switch to new keys ...
DEB [20170824-19:12:13.381] thr=1   paramiko.transport: EOF in transport thread
DEB [20170824-19:14:36.786] thr=1   paramiko.transport: starting thread (server mode): 0x179ff90L
DEB [20170824-19:14:36.787] thr=1   paramiko.transport: Local version/idstring: SSH-2.0-paramiko_2.2.1
DEB [20170824-19:14:36.787] thr=1   paramiko.transport: Remote version/idstring: SSH-2.0-paramiko_2.2.1
INF [20170824-19:14:36.787] thr=1   paramiko.transport: Connected (version 2.0, client paramiko_2.2.1)
DEB [20170824-19:14:36.788] thr=1   paramiko.transport: kex algos:[u'ecdh-sha2-nistp256', u'ecdh-sha2-nistp384', u'ecdh-sha2-nistp521', u'diffie-hellman-group-exchange-sha256', u'diffie-hellman-group-exchange-sha1', u'diffie-hellman-group14-sha1', u'diffie-hellman-group1-sha1'] server key:[u'ssh-ed25519', u'ecdsa-sha2-nistp256', u'ecdsa-sha2-nistp384', u'ecdsa-sha2-nistp521', u'ssh-rsa', u'ssh-dss'] client encrypt:[u'aes128-ctr', u'aes192-ctr', u'aes256-ctr', u'aes128-cbc', u'aes192-cbc', u'aes256-cbc', u'blowfish-cbc', u'3des-cbc'] server encrypt:[u'aes128-ctr', u'aes192-ctr', u'aes256-ctr', u'aes128-cbc', u'aes192-cbc', u'aes256-cbc', u'blowfish-cbc', u'3des-cbc'] client mac:[u'hmac-sha2-256', u'hmac-sha2-512', u'hmac-sha1', u'hmac-md5', u'hmac-sha1-96', u'hmac-md5-96'] server mac:[u'hmac-sha2-256', u'hmac-sha2-512', u'hmac-sha1', u'hmac-md5', u'hmac-sha1-96', u'hmac-md5-96'] client compress:[u'none'] server compress:[u'none'] client lang:[u''] server lang:[u''] kex follows?False
DEB [20170824-19:14:36.788] thr=1   paramiko.transport: Kex agreed: ecdh-sha2-nistp256
DEB [20170824-19:14:36.788] thr=1   paramiko.transport: HostKey agreed: ssh-rsa
DEB [20170824-19:14:36.788] thr=1   paramiko.transport: Cipher agreed: aes128-ctr
DEB [20170824-19:14:36.788] thr=1   paramiko.transport: MAC agreed: hmac-sha2-256
DEB [20170824-19:14:36.788] thr=1   paramiko.transport: Compression agreed: none
DEB [20170824-19:14:36.837] thr=1   paramiko.transport: kex engine KexNistp256 specified hash_algo <built-in function openssl_sha256>
DEB [20170824-19:14:36.839] thr=1   paramiko.transport: Switch to new keys ...
DEB [20170824-19:14:36.944] thr=1   paramiko.transport: EOF in transport thread
DEB [20170824-19:27:33.016] thr=1   paramiko.transport: starting thread (server mode): 0x2addf90L
DEB [20170824-19:27:33.017] thr=1   paramiko.transport: Local version/idstring: SSH-2.0-paramiko_2.2.1
DEB [20170824-19:27:33.017] thr=1   paramiko.transport: Remote version/idstring: SSH-2.0-paramiko_2.2.1
INF [20170824-19:27:33.017] thr=1   paramiko.transport: Connected (version 2.0, client paramiko_2.2.1)
DEB [20170824-19:27:33.018] thr=1   paramiko.transport: kex algos:[u'ecdh-sha2-nistp256', u'ecdh-sha2-nistp384', u'ecdh-sha2-nistp521', u'diffie-hellman-group-exchange-sha256', u'diffie-hellman-group-exchange-sha1', u'diffie-hellman-group14-sha1', u'diffie-hellman-group1-sha1'] server key:[u'ssh-ed25519', u'ecdsa-sha2-nistp256', u'ecdsa-sha2-nistp384', u'ecdsa-sha2-nistp521', u'ssh-rsa', u'ssh-dss'] client encrypt:[u'aes128-ctr', u'aes192-ctr', u'aes256-ctr', u'aes128-cbc', u'aes192-cbc', u'aes256-cbc', u'blowfish-cbc', u'3des-cbc'] server encrypt:[u'aes128-ctr', u'aes192-ctr', u'aes256-ctr', u'aes128-cbc', u'aes192-cbc', u'aes256-cbc', u'blowfish-cbc', u'3des-cbc'] client mac:[u'hmac-sha2-256', u'hmac-sha2-512', u'hmac-sha1', u'hmac-md5', u'hmac-sha1-96', u'hmac-md5-96'] server mac:[u'hmac-sha2-256', u'hmac-sha2-512', u'hmac-sha1', u'hmac-md5', u'hmac-sha1-96', u'hmac-md5-96'] client compress:[u'none'] server compress:[u'none'] client lang:[u''] server lang:[u''] kex follows?False
DEB [20170824-19:27:33.018] thr=1   paramiko.transport: Kex agreed: ecdh-sha2-nistp256
DEB [20170824-19:27:33.018] thr=1   paramiko.transport: HostKey agreed: ssh-rsa
DEB [20170824-19:27:33.019] thr=1   paramiko.transport: Cipher agreed: aes128-ctr
DEB [20170824-19:27:33.019] thr=1   paramiko.transport: MAC agreed: hmac-sha2-256
DEB [20170824-19:27:33.019] thr=1   paramiko.transport: Compression agreed: none
DEB [20170824-19:27:33.067] thr=1   paramiko.transport: kex engine KexNistp256 specified hash_algo <built-in function openssl_sha256>
DEB [20170824-19:27:33.069] thr=1   paramiko.transport: Switch to new keys ...
DEB [20170824-19:27:33.081] thr=1   paramiko.transport: Auth request (type=publickey) service=ssh-connection, username=robit
INF [20170824-19:27:33.081] thr=1   paramiko.transport: Auth rejected (publickey).
DEB [20170824-19:27:33.087] thr=1   paramiko.transport: Auth request (type=password) service=ssh-connection, username=robit
ERR [20170824-19:27:33.087] thr=1   paramiko.transport: Unknown exception: global name 'paramike' is not defined
ERR [20170824-19:27:33.088] thr=1   paramiko.transport: Traceback (most recent call last):
ERR [20170824-19:27:33.089] thr=1   paramiko.transport:   File "/usr/local/lib/python2.7/site-packages/paramiko/transport.py", line 1860, in run
ERR [20170824-19:27:33.089] thr=1   paramiko.transport:     handler(self.auth_handler, m)
ERR [20170824-19:27:33.089] thr=1   paramiko.transport:   File "/usr/local/lib/python2.7/site-packages/paramiko/auth_handler.py", line 439, in _parse_userauth_request
ERR [20170824-19:27:33.089] thr=1   paramiko.transport:     username, password)
ERR [20170824-19:27:33.089] thr=1   paramiko.transport:   File "/Users/liqin/Desktop/git/SSH/server.py", line 34, in check_auth_password
ERR [20170824-19:27:33.089] thr=1   paramiko.transport:     return paramike.AUTH_FAILED
ERR [20170824-19:27:33.089] thr=1   paramiko.transport: NameError: global name 'paramike' is not defined
ERR [20170824-19:27:33.089] thr=1   paramiko.transport: 
DEB [20170824-19:28:39.857] thr=1   paramiko.transport: starting thread (server mode): 0x5939f90L
DEB [20170824-19:28:39.857] thr=1   paramiko.transport: Local version/idstring: SSH-2.0-paramiko_2.2.1
DEB [20170824-19:28:39.858] thr=1   paramiko.transport: Remote version/idstring: SSH-2.0-paramiko_2.2.1
INF [20170824-19:28:39.858] thr=1   paramiko.transport: Connected (version 2.0, client paramiko_2.2.1)
DEB [20170824-19:28:39.859] thr=1   paramiko.transport: kex algos:[u'ecdh-sha2-nistp256', u'ecdh-sha2-nistp384', u'ecdh-sha2-nistp521', u'diffie-hellman-group-exchange-sha256', u'diffie-hellman-group-exchange-sha1', u'diffie-hellman-group14-sha1', u'diffie-hellman-group1-sha1'] server key:[u'ssh-ed25519', u'ecdsa-sha2-nistp256', u'ecdsa-sha2-nistp384', u'ecdsa-sha2-nistp521', u'ssh-rsa', u'ssh-dss'] client encrypt:[u'aes128-ctr', u'aes192-ctr', u'aes256-ctr', u'aes128-cbc', u'aes192-cbc', u'aes256-cbc', u'blowfish-cbc', u'3des-cbc'] server encrypt:[u'aes128-ctr', u'aes192-ctr', u'aes256-ctr', u'aes128-cbc', u'aes192-cbc', u'aes256-cbc', u'blowfish-cbc', u'3des-cbc'] client mac:[u'hmac-sha2-256', u'hmac-sha2-512', u'hmac-sha1', u'hmac-md5', u'hmac-sha1-96', u'hmac-md5-96'] server mac:[u'hmac-sha2-256', u'hmac-sha2-512', u'hmac-sha1', u'hmac-md5', u'hmac-sha1-96', u'hmac-md5-96'] client compress:[u'none'] server compress:[u'none'] client lang:[u''] server lang:[u''] kex follows?False
DEB [20170824-19:28:39.859] thr=1   paramiko.transport: Kex agreed: ecdh-sha2-nistp256
DEB [20170824-19:28:39.859] thr=1   paramiko.transport: HostKey agreed: ssh-rsa
DEB [20170824-19:28:39.859] thr=1   paramiko.transport: Cipher agreed: aes128-ctr
DEB [20170824-19:28:39.859] thr=1   paramiko.transport: MAC agreed: hmac-sha2-256
DEB [20170824-19:28:39.860] thr=1   paramiko.transport: Compression agreed: none
DEB [20170824-19:28:39.905] thr=1   paramiko.transport: kex engine KexNistp256 specified hash_algo <built-in function openssl_sha256>
DEB [20170824-19:28:39.908] thr=1   paramiko.transport: Switch to new keys ...
DEB [20170824-19:28:39.927] thr=1   paramiko.transport: Auth request (type=publickey) service=ssh-connection, username=robit
INF [20170824-19:28:39.927] thr=1   paramiko.transport: Auth rejected (publickey).
DEB [20170824-19:28:39.933] thr=1   paramiko.transport: Auth request (type=password) service=ssh-connection, username=robit
ERR [20170824-19:28:39.933] thr=1   paramiko.transport: Unknown exception: global name 'paramike' is not defined
ERR [20170824-19:28:39.934] thr=1   paramiko.transport: Traceback (most recent call last):
ERR [20170824-19:28:39.934] thr=1   paramiko.transport:   File "/usr/local/lib/python2.7/site-packages/paramiko/transport.py", line 1860, in run
ERR [20170824-19:28:39.934] thr=1   paramiko.transport:     handler(self.auth_handler, m)
ERR [20170824-19:28:39.934] thr=1   paramiko.transport:   File "/usr/local/lib/python2.7/site-packages/paramiko/auth_handler.py", line 439, in _parse_userauth_request
ERR [20170824-19:28:39.934] thr=1   paramiko.transport:     username, password)
ERR [20170824-19:28:39.935] thr=1   paramiko.transport:   File "/Users/liqin/Desktop/git/SSH/server.py", line 34, in check_auth_password
ERR [20170824-19:28:39.935] thr=1   paramiko.transport:     return paramike.AUTH_FAILED
ERR [20170824-19:28:39.935] thr=1   paramiko.transport: NameError: global name 'paramike' is not defined
ERR [20170824-19:28:39.935] thr=1   paramiko.transport: 
DEB [20170824-19:31:17.914] thr=1   paramiko.transport: starting thread (server mode): 0xcfdff90L
DEB [20170824-19:31:17.915] thr=1   paramiko.transport: Local version/idstring: SSH-2.0-paramiko_2.2.1
DEB [20170824-19:31:17.915] thr=1   paramiko.transport: Remote version/idstring: SSH-2.0-paramiko_2.2.1
INF [20170824-19:31:17.915] thr=1   paramiko.transport: Connected (version 2.0, client paramiko_2.2.1)
DEB [20170824-19:31:17.916] thr=1   paramiko.transport: kex algos:[u'ecdh-sha2-nistp256', u'ecdh-sha2-nistp384', u'ecdh-sha2-nistp521', u'diffie-hellman-group-exchange-sha256', u'diffie-hellman-group-exchange-sha1', u'diffie-hellman-group14-sha1', u'diffie-hellman-group1-sha1'] server key:[u'ssh-ed25519', u'ecdsa-sha2-nistp256', u'ecdsa-sha2-nistp384', u'ecdsa-sha2-nistp521', u'ssh-rsa', u'ssh-dss'] client encrypt:[u'aes128-ctr', u'aes192-ctr', u'aes256-ctr', u'aes128-cbc', u'aes192-cbc', u'aes256-cbc', u'blowfish-cbc', u'3des-cbc'] server encrypt:[u'aes128-ctr', u'aes192-ctr', u'aes256-ctr', u'aes128-cbc', u'aes192-cbc', u'aes256-cbc', u'blowfish-cbc', u'3des-cbc'] client mac:[u'hmac-sha2-256', u'hmac-sha2-512', u'hmac-sha1', u'hmac-md5', u'hmac-sha1-96', u'hmac-md5-96'] server mac:[u'hmac-sha2-256', u'hmac-sha2-512', u'hmac-sha1', u'hmac-md5', u'hmac-sha1-96', u'hmac-md5-96'] client compress:[u'none'] server compress:[u'none'] client lang:[u''] server lang:[u''] kex follows?False
DEB [20170824-19:31:17.916] thr=1   paramiko.transport: Kex agreed: ecdh-sha2-nistp256
DEB [20170824-19:31:17.916] thr=1   paramiko.transport: HostKey agreed: ssh-rsa
DEB [20170824-19:31:17.916] thr=1   paramiko.transport: Cipher agreed: aes128-ctr
DEB [20170824-19:31:17.916] thr=1   paramiko.transport: MAC agreed: hmac-sha2-256
DEB [20170824-19:31:17.916] thr=1   paramiko.transport: Compression agreed: none
DEB [20170824-19:31:17.964] thr=1   paramiko.transport: kex engine KexNistp256 specified hash_algo <built-in function openssl_sha256>
DEB [20170824-19:31:17.966] thr=1   paramiko.transport: Switch to new keys ...
DEB [20170824-19:31:18.069] thr=1   paramiko.transport: EOF in transport thread
DEB [20170824-19:32:24.796] thr=1   paramiko.transport: starting thread (server mode): 0xeff7050L
DEB [20170824-19:32:24.796] thr=1   paramiko.transport: Local version/idstring: SSH-2.0-paramiko_2.2.1
DEB [20170824-19:32:24.797] thr=1   paramiko.transport: Remote version/idstring: SSH-2.0-paramiko_2.2.1
INF [20170824-19:32:24.797] thr=1   paramiko.transport: Connected (version 2.0, client paramiko_2.2.1)
DEB [20170824-19:32:24.798] thr=1   paramiko.transport: kex algos:[u'ecdh-sha2-nistp256', u'ecdh-sha2-nistp384', u'ecdh-sha2-nistp521', u'diffie-hellman-group-exchange-sha256', u'diffie-hellman-group-exchange-sha1', u'diffie-hellman-group14-sha1', u'diffie-hellman-group1-sha1'] server key:[u'ssh-ed25519', u'ecdsa-sha2-nistp256', u'ecdsa-sha2-nistp384', u'ecdsa-sha2-nistp521', u'ssh-rsa', u'ssh-dss'] client encrypt:[u'aes128-ctr', u'aes192-ctr', u'aes256-ctr', u'aes128-cbc', u'aes192-cbc', u'aes256-cbc', u'blowfish-cbc', u'3des-cbc'] server encrypt:[u'aes128-ctr', u'aes192-ctr', u'aes256-ctr', u'aes128-cbc', u'aes192-cbc', u'aes256-cbc', u'blowfish-cbc', u'3des-cbc'] client mac:[u'hmac-sha2-256', u'hmac-sha2-512', u'hmac-sha1', u'hmac-md5', u'hmac-sha1-96', u'hmac-md5-96'] server mac:[u'hmac-sha2-256', u'hmac-sha2-512', u'hmac-sha1', u'hmac-md5', u'hmac-sha1-96', u'hmac-md5-96'] client compress:[u'none'] server compress:[u'none'] client lang:[u''] server lang:[u''] kex follows?False
DEB [20170824-19:32:24.798] thr=1   paramiko.transport: Kex agreed: ecdh-sha2-nistp256
DEB [20170824-19:32:24.798] thr=1   paramiko.transport: HostKey agreed: ssh-rsa
DEB [20170824-19:32:24.798] thr=1   paramiko.transport: Cipher agreed: aes128-ctr
DEB [20170824-19:32:24.798] thr=1   paramiko.transport: MAC agreed: hmac-sha2-256
DEB [20170824-19:32:24.798] thr=1   paramiko.transport: Compression agreed: none
DEB [20170824-19:32:24.845] thr=1   paramiko.transport: kex engine KexNistp256 specified hash_algo <built-in function openssl_sha256>
DEB [20170824-19:32:24.847] thr=1   paramiko.transport: Switch to new keys ...
DEB [20170824-19:32:24.953] thr=1   paramiko.transport: EOF in transport thread
DEB [20170827-17:25:00.446] thr=1   paramiko.transport: starting thread (server mode): 0x2f66a50L
DEB [20170827-17:25:00.447] thr=1   paramiko.transport: Local version/idstring: SSH-2.0-paramiko_2.2.1
DEB [20170827-17:25:00.448] thr=1   paramiko.transport: Remote version/idstring: SSH-2.0-paramiko_2.2.1
INF [20170827-17:25:00.448] thr=1   paramiko.transport: Connected (version 2.0, client paramiko_2.2.1)
DEB [20170827-17:25:00.450] thr=1   paramiko.transport: kex algos:[u'ecdh-sha2-nistp256', u'ecdh-sha2-nistp384', u'ecdh-sha2-nistp521', u'diffie-hellman-group-exchange-sha256', u'diffie-hellman-group-exchange-sha1', u'diffie-hellman-group14-sha1', u'diffie-hellman-group1-sha1'] server key:[u'ssh-ed25519', u'ecdsa-sha2-nistp256', u'ecdsa-sha2-nistp384', u'ecdsa-sha2-nistp521', u'ssh-rsa', u'ssh-dss'] client encrypt:[u'aes128-ctr', u'aes192-ctr', u'aes256-ctr', u'aes128-cbc', u'aes192-cbc', u'aes256-cbc', u'blowfish-cbc', u'3des-cbc'] server encrypt:[u'aes128-ctr', u'aes192-ctr', u'aes256-ctr', u'aes128-cbc', u'aes192-cbc', u'aes256-cbc', u'blowfish-cbc', u'3des-cbc'] client mac:[u'hmac-sha2-256', u'hmac-sha2-512', u'hmac-sha1', u'hmac-md5', u'hmac-sha1-96', u'hmac-md5-96'] server mac:[u'hmac-sha2-256', u'hmac-sha2-512', u'hmac-sha1', u'hmac-md5', u'hmac-sha1-96', u'hmac-md5-96'] client compress:[u'none'] server compress:[u'none'] client lang:[u''] server lang:[u''] kex follows?False
DEB [20170827-17:25:00.450] thr=1   paramiko.transport: Kex agreed: ecdh-sha2-nistp256
DEB [20170827-17:25:00.451] thr=1   paramiko.transport: HostKey agreed: ssh-rsa
DEB [20170827-17:25:00.451] thr=1   paramiko.transport: Cipher agreed: aes128-ctr
DEB [20170827-17:25:00.451] thr=1   paramiko.transport: MAC agreed: hmac-sha2-256
DEB [20170827-17:25:00.452] thr=1   paramiko.transport: Compression agreed: none
DEB [20170827-17:25:00.504] thr=1   paramiko.transport: kex engine KexNistp256 specified hash_algo <built-in function openssl_sha256>
DEB [20170827-17:25:00.506] thr=1   paramiko.transport: Switch to new keys ...
DEB [20170827-17:25:00.567] thr=1   paramiko.transport: Auth request (type=publickey) service=ssh-connection, username=robit
INF [20170827-17:25:00.567] thr=1   paramiko.transport: Auth rejected (publickey).
DEB [20170827-17:25:00.573] thr=1   paramiko.transport: Auth request (type=password) service=ssh-connection, username=robit
ERR [20170827-17:25:00.573] thr=1   paramiko.transport: Unknown exception: global name 'username' is not defined
ERR [20170827-17:25:00.577] thr=1   paramiko.transport: Traceback (most recent call last):
ERR [20170827-17:25:00.577] thr=1   paramiko.transport:   File "/usr/local/lib/python2.7/site-packages/paramiko/transport.py", line 1860, in run
ERR [20170827-17:25:00.577] thr=1   paramiko.transport:     handler(self.auth_handler, m)
ERR [20170827-17:25:00.577] thr=1   paramiko.transport:   File "/usr/local/lib/python2.7/site-packages/paramiko/auth_handler.py", line 439, in _parse_userauth_request
ERR [20170827-17:25:00.577] thr=1   paramiko.transport:     username, password)
ERR [20170827-17:25:00.577] thr=1   paramiko.transport:   File "/Users/liqin/Desktop/git/SSH/server.py", line 35, in check_auth_password
ERR [20170827-17:25:00.577] thr=1   paramiko.transport:     if(u == username and p == password):
ERR [20170827-17:25:00.577] thr=1   paramiko.transport: NameError: global name 'username' is not defined
ERR [20170827-17:25:00.577] thr=1   paramiko.transport: 
DEB [20170827-17:28:14.027] thr=1   paramiko.transport: starting thread (server mode): 0x7040a50L
DEB [20170827-17:28:14.027] thr=1   paramiko.transport: Local version/idstring: SSH-2.0-paramiko_2.2.1
DEB [20170827-17:28:14.028] thr=1   paramiko.transport: Remote version/idstring: SSH-2.0-paramiko_2.2.1
INF [20170827-17:28:14.028] thr=1   paramiko.transport: Connected (version 2.0, client paramiko_2.2.1)
DEB [20170827-17:28:14.029] thr=1   paramiko.transport: kex algos:[u'ecdh-sha2-nistp256', u'ecdh-sha2-nistp384', u'ecdh-sha2-nistp521', u'diffie-hellman-group-exchange-sha256', u'diffie-hellman-group-exchange-sha1', u'diffie-hellman-group14-sha1', u'diffie-hellman-group1-sha1'] server key:[u'ssh-ed25519', u'ecdsa-sha2-nistp256', u'ecdsa-sha2-nistp384', u'ecdsa-sha2-nistp521', u'ssh-rsa', u'ssh-dss'] client encrypt:[u'aes128-ctr', u'aes192-ctr', u'aes256-ctr', u'aes128-cbc', u'aes192-cbc', u'aes256-cbc', u'blowfish-cbc', u'3des-cbc'] server encrypt:[u'aes128-ctr', u'aes192-ctr', u'aes256-ctr', u'aes128-cbc', u'aes192-cbc', u'aes256-cbc', u'blowfish-cbc', u'3des-cbc'] client mac:[u'hmac-sha2-256', u'hmac-sha2-512', u'hmac-sha1', u'hmac-md5', u'hmac-sha1-96', u'hmac-md5-96'] server mac:[u'hmac-sha2-256', u'hmac-sha2-512', u'hmac-sha1', u'hmac-md5', u'hmac-sha1-96', u'hmac-md5-96'] client compress:[u'none'] server compress:[u'none'] client lang:[u''] server lang:[u''] kex follows?False
DEB [20170827-17:28:14.030] thr=1   paramiko.transport: Kex agreed: ecdh-sha2-nistp256
DEB [20170827-17:28:14.030] thr=1   paramiko.transport: HostKey agreed: ssh-rsa
DEB [20170827-17:28:14.030] thr=1   paramiko.transport: Cipher agreed: aes128-ctr
DEB [20170827-17:28:14.030] thr=1   paramiko.transport: MAC agreed: hmac-sha2-256
DEB [20170827-17:28:14.031] thr=1   paramiko.transport: Compression agreed: none
DEB [20170827-17:28:14.082] thr=1   paramiko.transport: kex engine KexNistp256 specified hash_algo <built-in function openssl_sha256>
DEB [20170827-17:28:14.084] thr=1   paramiko.transport: Switch to new keys ...
DEB [20170827-17:28:14.106] thr=1   paramiko.transport: Auth request (type=publickey) service=ssh-connection, username=robit
INF [20170827-17:28:14.107] thr=1   paramiko.transport: Auth rejected (publickey).
DEB [20170827-17:28:14.113] thr=1   paramiko.transport: Auth request (type=password) service=ssh-connection, username=robit
INF [20170827-17:28:14.113] thr=1   paramiko.transport: Auth granted (password).
DEB [20170827-17:28:14.117] thr=1   paramiko.transport: [chan 0] Max packet in: 32768 bytes
DEB [20170827-17:28:14.117] thr=1   paramiko.transport: [chan 0] Max packet out: 32768 bytes
DEB [20170827-17:28:14.117] thr=1   paramiko.transport: Secsh channel 0 (session) opened.
DEB [20170827-17:28:14.223] thr=1   paramiko.transport: EOF in transport thread
DEB [20180919-13:57:18.823] thr=1   paramiko.transport: starting thread (server mode): 0x1d4c8f28
DEB [20180919-13:57:18.823] thr=1   paramiko.transport: Local version/idstring: SSH-2.0-paramiko_2.4.1
DEB [20180919-13:57:18.823] thr=1   paramiko.transport: Remote version/idstring: SSH-2.0-paramiko_2.4.1
INF [20180919-13:57:18.823] thr=1   paramiko.transport: Connected (version 2.0, client paramiko_2.4.1)
DEB [20180919-13:57:18.824] thr=1   paramiko.transport: kex algos:['ecdh-sha2-nistp256', 'ecdh-sha2-nistp384', 'ecdh-sha2-nistp521', 'diffie-hellman-group-exchange-sha256', 'diffie-hellman-group-exchange-sha1', 'diffie-hellman-group14-sha1', 'diffie-hellman-group1-sha1'] server key:['ssh-ed25519', 'ecdsa-sha2-nistp256', 'ecdsa-sha2-nistp384', 'ecdsa-sha2-nistp521', 'ssh-rsa', 'ssh-dss'] client encrypt:['aes128-ctr', 'aes192-ctr', 'aes256-ctr', 'aes128-cbc', 'aes192-cbc', 'aes256-cbc', 'blowfish-cbc', '3des-cbc'] server encrypt:['aes128-ctr', 'aes192-ctr', 'aes256-ctr', 'aes128-cbc', 'aes192-cbc', 'aes256-cbc', 'blowfish-cbc', '3des-cbc'] client mac:['hmac-sha2-256', 'hmac-sha2-512', 'hmac-sha1', 'hmac-md5', 'hmac-sha1-96', 'hmac-md5-96'] server mac:['hmac-sha2-256', 'hmac-sha2-512', 'hmac-sha1', 'hmac-md5', 'hmac-sha1-96', 'hmac-md5-96'] client compress:['none'] server compress:['none'] client lang:[''] server lang:[''] kex follows?False
DEB [20180919-13:57:18.824] thr=1   paramiko.transport: Kex agreed: ecdh-sha2-nistp256
DEB [20180919-13:57:18.824] thr=1   paramiko.transport: HostKey agreed: ssh-rsa
DEB [20180919-13:57:18.824] thr=1   paramiko.transport: Cipher agreed: aes128-ctr
DEB [20180919-13:57:18.824] thr=1   paramiko.transport: MAC agreed: hmac-sha2-256
DEB [20180919-13:57:18.824] thr=1   paramiko.transport: Compression agreed: none
DEB [20180919-13:57:18.863] thr=1   paramiko.transport: kex engine KexNistp256 specified hash_algo <built-in function openssl_sha256>
DEB [20180919-13:57:18.863] thr=1   paramiko.transport: Switch to new keys ...
DEB [20180919-13:57:18.870] thr=1   paramiko.transport: Auth request (type=password) service=ssh-connection, username=aries
ERR [20180919-13:57:18.870] thr=1   paramiko.transport: Unknown exception: name 'paramike' is not defined
ERR [20180919-13:57:18.871] thr=1   paramiko.transport: Traceback (most recent call last):
ERR [20180919-13:57:18.871] thr=1   paramiko.transport:   File "C:\Users\mayn\AppData\Local\Programs\Python\Python37\lib\site-packages\paramiko\transport.py", line 1949, in run
ERR [20180919-13:57:18.871] thr=1   paramiko.transport:     handler(self.auth_handler, m)
ERR [20180919-13:57:18.871] thr=1   paramiko.transport:   File "C:\Users\mayn\AppData\Local\Programs\Python\Python37\lib\site-packages\paramiko\auth_handler.py", line 471, in _parse_userauth_request
ERR [20180919-13:57:18.871] thr=1   paramiko.transport:     username, password)
ERR [20180919-13:57:18.871] thr=1   paramiko.transport:   File "server.py", line 38, in check_auth_password
ERR [20180919-13:57:18.871] thr=1   paramiko.transport:     return paramike.AUTH_FAILED
ERR [20180919-13:57:18.871] thr=1   paramiko.transport: NameError: name 'paramike' is not defined
ERR [20180919-13:57:18.871] thr=1   paramiko.transport: 
DEB [20180919-13:57:37.125] thr=1   paramiko.transport: starting thread (server mode): 0x6b768c18
DEB [20180919-13:57:37.125] thr=1   paramiko.transport: Local version/idstring: SSH-2.0-paramiko_2.4.1
DEB [20180919-13:57:37.125] thr=1   paramiko.transport: Remote version/idstring: SSH-2.0-paramiko_2.4.1
INF [20180919-13:57:37.125] thr=1   paramiko.transport: Connected (version 2.0, client paramiko_2.4.1)
DEB [20180919-13:57:37.126] thr=1   paramiko.transport: kex algos:['ecdh-sha2-nistp256', 'ecdh-sha2-nistp384', 'ecdh-sha2-nistp521', 'diffie-hellman-group-exchange-sha256', 'diffie-hellman-group-exchange-sha1', 'diffie-hellman-group14-sha1', 'diffie-hellman-group1-sha1'] server key:['ssh-ed25519', 'ecdsa-sha2-nistp256', 'ecdsa-sha2-nistp384', 'ecdsa-sha2-nistp521', 'ssh-rsa', 'ssh-dss'] client encrypt:['aes128-ctr', 'aes192-ctr', 'aes256-ctr', 'aes128-cbc', 'aes192-cbc', 'aes256-cbc', 'blowfish-cbc', '3des-cbc'] server encrypt:['aes128-ctr', 'aes192-ctr', 'aes256-ctr', 'aes128-cbc', 'aes192-cbc', 'aes256-cbc', 'blowfish-cbc', '3des-cbc'] client mac:['hmac-sha2-256', 'hmac-sha2-512', 'hmac-sha1', 'hmac-md5', 'hmac-sha1-96', 'hmac-md5-96'] server mac:['hmac-sha2-256', 'hmac-sha2-512', 'hmac-sha1', 'hmac-md5', 'hmac-sha1-96', 'hmac-md5-96'] client compress:['none'] server compress:['none'] client lang:[''] server lang:[''] kex follows?False
DEB [20180919-13:57:37.126] thr=1   paramiko.transport: Kex agreed: ecdh-sha2-nistp256
DEB [20180919-13:57:37.126] thr=1   paramiko.transport: HostKey agreed: ssh-rsa
DEB [20180919-13:57:37.126] thr=1   paramiko.transport: Cipher agreed: aes128-ctr
DEB [20180919-13:57:37.126] thr=1   paramiko.transport: MAC agreed: hmac-sha2-256
DEB [20180919-13:57:37.126] thr=1   paramiko.transport: Compression agreed: none
DEB [20180919-13:57:37.168] thr=1   paramiko.transport: kex engine KexNistp256 specified hash_algo <built-in function openssl_sha256>
DEB [20180919-13:57:37.168] thr=1   paramiko.transport: Switch to new keys ...
DEB [20180919-13:57:37.171] thr=1   paramiko.transport: Auth request (type=password) service=ssh-connection, username=aries
INF [20180919-13:57:37.171] thr=1   paramiko.transport: Auth granted (password).
DEB [20180919-13:57:37.172] thr=1   paramiko.transport: [chan 0] Max packet in: 32768 bytes
DEB [20180919-13:57:37.172] thr=1   paramiko.transport: [chan 0] Max packet out: 32768 bytes
DEB [20180919-13:57:37.172] thr=1   paramiko.transport: Secsh channel 0 (session) opened.
DEB [20180919-13:57:37.174] thr=1   paramiko.transport: [chan 0] EOF received (0)
DEB [20180919-13:57:37.174] thr=1   paramiko.transport: [chan 0] EOF sent (0)
DEB [20180919-13:57:37.175] thr=1   paramiko.transport: EOF in transport thread
DEB [20180919-13:58:26.557] thr=1   paramiko.transport: starting thread (server mode): 0xb6ce9e80
DEB [20180919-13:58:26.557] thr=1   paramiko.transport: Local version/idstring: SSH-2.0-paramiko_2.4.1
DEB [20180919-13:58:26.558] thr=1   paramiko.transport: Remote version/idstring: SSH-2.0-paramiko_2.4.1
INF [20180919-13:58:26.558] thr=1   paramiko.transport: Connected (version 2.0, client paramiko_2.4.1)
DEB [20180919-13:58:26.558] thr=1   paramiko.transport: kex algos:['ecdh-sha2-nistp256', 'ecdh-sha2-nistp384', 'ecdh-sha2-nistp521', 'diffie-hellman-group-exchange-sha256', 'diffie-hellman-group-exchange-sha1', 'diffie-hellman-group14-sha1', 'diffie-hellman-group1-sha1'] server key:['ssh-ed25519', 'ecdsa-sha2-nistp256', 'ecdsa-sha2-nistp384', 'ecdsa-sha2-nistp521', 'ssh-rsa', 'ssh-dss'] client encrypt:['aes128-ctr', 'aes192-ctr', 'aes256-ctr', 'aes128-cbc', 'aes192-cbc', 'aes256-cbc', 'blowfish-cbc', '3des-cbc'] server encrypt:['aes128-ctr', 'aes192-ctr', 'aes256-ctr', 'aes128-cbc', 'aes192-cbc', 'aes256-cbc', 'blowfish-cbc', '3des-cbc'] client mac:['hmac-sha2-256', 'hmac-sha2-512', 'hmac-sha1', 'hmac-md5', 'hmac-sha1-96', 'hmac-md5-96'] server mac:['hmac-sha2-256', 'hmac-sha2-512', 'hmac-sha1', 'hmac-md5', 'hmac-sha1-96', 'hmac-md5-96'] client compress:['none'] server compress:['none'] client lang:[''] server lang:[''] kex follows?False
DEB [20180919-13:58:26.558] thr=1   paramiko.transport: Kex agreed: ecdh-sha2-nistp256
DEB [20180919-13:58:26.558] thr=1   paramiko.transport: HostKey agreed: ssh-rsa
DEB [20180919-13:58:26.558] thr=1   paramiko.transport: Cipher agreed: aes128-ctr
DEB [20180919-13:58:26.558] thr=1   paramiko.transport: MAC agreed: hmac-sha2-256
DEB [20180919-13:58:26.558] thr=1   paramiko.transport: Compression agreed: none
DEB [20180919-13:58:26.596] thr=1   paramiko.transport: kex engine KexNistp256 specified hash_algo <built-in function openssl_sha256>
DEB [20180919-13:58:26.597] thr=1   paramiko.transport: Switch to new keys ...
DEB [20180919-13:58:26.599] thr=1   paramiko.transport: Auth request (type=password) service=ssh-connection, username=aries
INF [20180919-13:58:26.600] thr=1   paramiko.transport: Auth granted (password).
DEB [20180919-13:58:26.601] thr=1   paramiko.transport: [chan 0] Max packet in: 32768 bytes
DEB [20180919-13:58:26.601] thr=1   paramiko.transport: [chan 0] Max packet out: 32768 bytes
DEB [20180919-13:58:26.601] thr=1   paramiko.transport: Secsh channel 0 (session) opened.
DEB [20180919-13:58:26.602] thr=1   paramiko.transport: [chan 0] EOF received (0)
DEB [20180919-13:58:26.603] thr=1   paramiko.transport: EOF in transport thread
DEB [20180919-13:58:39.388] thr=1   paramiko.transport: starting thread (server mode): 0xb7859e48
DEB [20180919-13:58:39.388] thr=1   paramiko.transport: Local version/idstring: SSH-2.0-paramiko_2.4.1
DEB [20180919-13:58:39.388] thr=1   paramiko.transport: Remote version/idstring: SSH-2.0-paramiko_2.4.1
INF [20180919-13:58:39.389] thr=1   paramiko.transport: Connected (version 2.0, client paramiko_2.4.1)
DEB [20180919-13:58:39.389] thr=1   paramiko.transport: kex algos:['ecdh-sha2-nistp256', 'ecdh-sha2-nistp384', 'ecdh-sha2-nistp521', 'diffie-hellman-group-exchange-sha256', 'diffie-hellman-group-exchange-sha1', 'diffie-hellman-group14-sha1', 'diffie-hellman-group1-sha1'] server key:['ssh-ed25519', 'ecdsa-sha2-nistp256', 'ecdsa-sha2-nistp384', 'ecdsa-sha2-nistp521', 'ssh-rsa', 'ssh-dss'] client encrypt:['aes128-ctr', 'aes192-ctr', 'aes256-ctr', 'aes128-cbc', 'aes192-cbc', 'aes256-cbc', 'blowfish-cbc', '3des-cbc'] server encrypt:['aes128-ctr', 'aes192-ctr', 'aes256-ctr', 'aes128-cbc', 'aes192-cbc', 'aes256-cbc', 'blowfish-cbc', '3des-cbc'] client mac:['hmac-sha2-256', 'hmac-sha2-512', 'hmac-sha1', 'hmac-md5', 'hmac-sha1-96', 'hmac-md5-96'] server mac:['hmac-sha2-256', 'hmac-sha2-512', 'hmac-sha1', 'hmac-md5', 'hmac-sha1-96', 'hmac-md5-96'] client compress:['none'] server compress:['none'] client lang:[''] server lang:[''] kex follows?False
DEB [20180919-13:58:39.389] thr=1   paramiko.transport: Kex agreed: ecdh-sha2-nistp256
DEB [20180919-13:58:39.389] thr=1   paramiko.transport: HostKey agreed: ssh-rsa
DEB [20180919-13:58:39.389] thr=1   paramiko.transport: Cipher agreed: aes128-ctr
DEB [20180919-13:58:39.389] thr=1   paramiko.transport: MAC agreed: hmac-sha2-256
DEB [20180919-13:58:39.389] thr=1   paramiko.transport: Compression agreed: none
DEB [20180919-13:58:39.427] thr=1   paramiko.transport: kex engine KexNistp256 specified hash_algo <built-in function openssl_sha256>
DEB [20180919-13:58:39.428] thr=1   paramiko.transport: Switch to new keys ...
DEB [20180919-13:58:39.431] thr=1   paramiko.transport: Auth request (type=password) service=ssh-connection, username=aries
INF [20180919-13:58:39.431] thr=1   paramiko.transport: Auth granted (password).
DEB [20180919-13:58:39.432] thr=1   paramiko.transport: [chan 0] Max packet in: 32768 bytes
DEB [20180919-13:58:39.432] thr=1   paramiko.transport: [chan 0] Max packet out: 32768 bytes
DEB [20180919-13:58:39.432] thr=1   paramiko.transport: Secsh channel 0 (session) opened.
DEB [20180919-13:58:39.433] thr=1   paramiko.transport: [chan 0] EOF received (0)
DEB [20180919-13:58:39.433] thr=1   paramiko.transport: EOF in transport thread
DEB [20180919-14:39:28.827] thr=1   paramiko.transport: starting thread (server mode): 0x3589d68
DEB [20180919-14:39:28.827] thr=1   paramiko.transport: Local version/idstring: SSH-2.0-paramiko_2.4.1
DEB [20180919-14:39:28.827] thr=1   paramiko.transport: Remote version/idstring: SSH-2.0-paramiko_2.4.1
INF [20180919-14:39:28.828] thr=1   paramiko.transport: Connected (version 2.0, client paramiko_2.4.1)
DEB [20180919-14:39:28.828] thr=1   paramiko.transport: kex algos:['ecdh-sha2-nistp256', 'ecdh-sha2-nistp384', 'ecdh-sha2-nistp521', 'diffie-hellman-group-exchange-sha256', 'diffie-hellman-group-exchange-sha1', 'diffie-hellman-group14-sha1', 'diffie-hellman-group1-sha1'] server key:['ssh-ed25519', 'ecdsa-sha2-nistp256', 'ecdsa-sha2-nistp384', 'ecdsa-sha2-nistp521', 'ssh-rsa', 'ssh-dss'] client encrypt:['aes128-ctr', 'aes192-ctr', 'aes256-ctr', 'aes128-cbc', 'aes192-cbc', 'aes256-cbc', 'blowfish-cbc', '3des-cbc'] server encrypt:['aes128-ctr', 'aes192-ctr', 'aes256-ctr', 'aes128-cbc', 'aes192-cbc', 'aes256-cbc', 'blowfish-cbc', '3des-cbc'] client mac:['hmac-sha2-256', 'hmac-sha2-512', 'hmac-sha1', 'hmac-md5', 'hmac-sha1-96', 'hmac-md5-96'] server mac:['hmac-sha2-256', 'hmac-sha2-512', 'hmac-sha1', 'hmac-md5', 'hmac-sha1-96', 'hmac-md5-96'] client compress:['none'] server compress:['none'] client lang:[''] server lang:[''] kex follows?False
DEB [20180919-14:39:28.828] thr=1   paramiko.transport: Kex agreed: ecdh-sha2-nistp256
DEB [20180919-14:39:28.828] thr=1   paramiko.transport: HostKey agreed: ssh-rsa
DEB [20180919-14:39:28.828] thr=1   paramiko.transport: Cipher agreed: aes128-ctr
DEB [20180919-14:39:28.828] thr=1   paramiko.transport: MAC agreed: hmac-sha2-256
DEB [20180919-14:39:28.828] thr=1   paramiko.transport: Compression agreed: none
DEB [20180919-14:39:28.867] thr=1   paramiko.transport: kex engine KexNistp256 specified hash_algo <built-in function openssl_sha256>
DEB [20180919-14:39:28.867] thr=1   paramiko.transport: Switch to new keys ...
DEB [20180919-14:39:28.870] thr=1   paramiko.transport: Auth request (type=password) service=ssh-connection, username=aries
INF [20180919-14:39:28.870] thr=1   paramiko.transport: Auth granted (password).
DEB [20180919-14:39:28.871] thr=1   paramiko.transport: [chan 0] Max packet in: 32768 bytes
DEB [20180919-14:39:28.871] thr=1   paramiko.transport: [chan 0] Max packet out: 32768 bytes
DEB [20180919-14:39:28.871] thr=1   paramiko.transport: Secsh channel 0 (session) opened.
DEB [20180919-14:39:28.872] thr=1   paramiko.transport: [chan 0] EOF received (0)
DEB [20180919-14:39:28.872] thr=1   paramiko.transport: [chan 0] EOF sent (0)
DEB [20180919-14:39:28.873] thr=1   paramiko.transport: EOF in transport thread
DEB [20180919-14:42:06.039] thr=1   paramiko.transport: starting thread (server mode): 0x347b8be0
DEB [20180919-14:42:06.039] thr=1   paramiko.transport: Local version/idstring: SSH-2.0-paramiko_2.4.1
DEB [20180919-14:42:06.039] thr=1   paramiko.transport: Remote version/idstring: SSH-2.0-paramiko_2.4.1
INF [20180919-14:42:06.039] thr=1   paramiko.transport: Connected (version 2.0, client paramiko_2.4.1)
DEB [20180919-14:42:06.040] thr=1   paramiko.transport: kex algos:['ecdh-sha2-nistp256', 'ecdh-sha2-nistp384', 'ecdh-sha2-nistp521', 'diffie-hellman-group-exchange-sha256', 'diffie-hellman-group-exchange-sha1', 'diffie-hellman-group14-sha1', 'diffie-hellman-group1-sha1'] server key:['ssh-ed25519', 'ecdsa-sha2-nistp256', 'ecdsa-sha2-nistp384', 'ecdsa-sha2-nistp521', 'ssh-rsa', 'ssh-dss'] client encrypt:['aes128-ctr', 'aes192-ctr', 'aes256-ctr', 'aes128-cbc', 'aes192-cbc', 'aes256-cbc', 'blowfish-cbc', '3des-cbc'] server encrypt:['aes128-ctr', 'aes192-ctr', 'aes256-ctr', 'aes128-cbc', 'aes192-cbc', 'aes256-cbc', 'blowfish-cbc', '3des-cbc'] client mac:['hmac-sha2-256', 'hmac-sha2-512', 'hmac-sha1', 'hmac-md5', 'hmac-sha1-96', 'hmac-md5-96'] server mac:['hmac-sha2-256', 'hmac-sha2-512', 'hmac-sha1', 'hmac-md5', 'hmac-sha1-96', 'hmac-md5-96'] client compress:['none'] server compress:['none'] client lang:[''] server lang:[''] kex follows?False
DEB [20180919-14:42:06.040] thr=1   paramiko.transport: Kex agreed: ecdh-sha2-nistp256
DEB [20180919-14:42:06.040] thr=1   paramiko.transport: HostKey agreed: ssh-rsa
DEB [20180919-14:42:06.040] thr=1   paramiko.transport: Cipher agreed: aes128-ctr
DEB [20180919-14:42:06.040] thr=1   paramiko.transport: MAC agreed: hmac-sha2-256
DEB [20180919-14:42:06.040] thr=1   paramiko.transport: Compression agreed: none
DEB [20180919-14:42:06.079] thr=1   paramiko.transport: kex engine KexNistp256 specified hash_algo <built-in function openssl_sha256>
DEB [20180919-14:42:06.080] thr=1   paramiko.transport: Switch to new keys ...
DEB [20180919-14:42:06.082] thr=1   paramiko.transport: Auth request (type=password) service=ssh-connection, username=aries
INF [20180919-14:42:06.082] thr=1   paramiko.transport: Auth granted (password).
DEB [20180919-14:42:06.083] thr=1   paramiko.transport: [chan 0] Max packet in: 32768 bytes
DEB [20180919-14:42:06.083] thr=1   paramiko.transport: [chan 0] Max packet out: 32768 bytes
DEB [20180919-14:42:06.083] thr=1   paramiko.transport: Secsh channel 0 (session) opened.
DEB [20180919-14:42:06.084] thr=1   paramiko.transport: [chan 0] EOF received (0)
DEB [20180919-14:42:06.084] thr=1   paramiko.transport: [chan 0] EOF sent (0)
DEB [20180919-14:42:06.085] thr=1   paramiko.transport: EOF in transport thread
DEB [20180919-14:44:18.342] thr=1   paramiko.transport: starting thread (server mode): 0xdfa39b70
DEB [20180919-14:44:18.342] thr=1   paramiko.transport: Local version/idstring: SSH-2.0-paramiko_2.4.1
DEB [20180919-14:44:18.342] thr=1   paramiko.transport: Remote version/idstring: SSH-2.0-paramiko_2.4.1
INF [20180919-14:44:18.342] thr=1   paramiko.transport: Connected (version 2.0, client paramiko_2.4.1)
DEB [20180919-14:44:18.343] thr=1   paramiko.transport: kex algos:['ecdh-sha2-nistp256', 'ecdh-sha2-nistp384', 'ecdh-sha2-nistp521', 'diffie-hellman-group-exchange-sha256', 'diffie-hellman-group-exchange-sha1', 'diffie-hellman-group14-sha1', 'diffie-hellman-group1-sha1'] server key:['ssh-ed25519', 'ecdsa-sha2-nistp256', 'ecdsa-sha2-nistp384', 'ecdsa-sha2-nistp521', 'ssh-rsa', 'ssh-dss'] client encrypt:['aes128-ctr', 'aes192-ctr', 'aes256-ctr', 'aes128-cbc', 'aes192-cbc', 'aes256-cbc', 'blowfish-cbc', '3des-cbc'] server encrypt:['aes128-ctr', 'aes192-ctr', 'aes256-ctr', 'aes128-cbc', 'aes192-cbc', 'aes256-cbc', 'blowfish-cbc', '3des-cbc'] client mac:['hmac-sha2-256', 'hmac-sha2-512', 'hmac-sha1', 'hmac-md5', 'hmac-sha1-96', 'hmac-md5-96'] server mac:['hmac-sha2-256', 'hmac-sha2-512', 'hmac-sha1', 'hmac-md5', 'hmac-sha1-96', 'hmac-md5-96'] client compress:['none'] server compress:['none'] client lang:[''] server lang:[''] kex follows?False
DEB [20180919-14:44:18.343] thr=1   paramiko.transport: Kex agreed: ecdh-sha2-nistp256
DEB [20180919-14:44:18.343] thr=1   paramiko.transport: HostKey agreed: ssh-rsa
DEB [20180919-14:44:18.343] thr=1   paramiko.transport: Cipher agreed: aes128-ctr
DEB [20180919-14:44:18.343] thr=1   paramiko.transport: MAC agreed: hmac-sha2-256
DEB [20180919-14:44:18.343] thr=1   paramiko.transport: Compression agreed: none
DEB [20180919-14:44:18.381] thr=1   paramiko.transport: kex engine KexNistp256 specified hash_algo <built-in function openssl_sha256>
DEB [20180919-14:44:18.382] thr=1   paramiko.transport: Switch to new keys ...
DEB [20180919-14:44:18.385] thr=1   paramiko.transport: Auth request (type=password) service=ssh-connection, username=aries
ERR [20180919-14:44:18.385] thr=1   paramiko.transport: Unknown exception: name 'paramike' is not defined
ERR [20180919-14:44:18.386] thr=1   paramiko.transport: Traceback (most recent call last):
ERR [20180919-14:44:18.386] thr=1   paramiko.transport:   File "C:\Users\mayn\AppData\Local\Programs\Python\Python37\lib\site-packages\paramiko\transport.py", line 1949, in run
ERR [20180919-14:44:18.386] thr=1   paramiko.transport:     handler(self.auth_handler, m)
ERR [20180919-14:44:18.386] thr=1   paramiko.transport:   File "C:\Users\mayn\AppData\Local\Programs\Python\Python37\lib\site-packages\paramiko\auth_handler.py", line 471, in _parse_userauth_request
ERR [20180919-14:44:18.386] thr=1   paramiko.transport:     username, password)
ERR [20180919-14:44:18.386] thr=1   paramiko.transport:   File "server.py", line 38, in check_auth_password
ERR [20180919-14:44:18.386] thr=1   paramiko.transport:     return paramike.AUTH_FAILED
ERR [20180919-14:44:18.386] thr=1   paramiko.transport: NameError: name 'paramike' is not defined
ERR [20180919-14:44:18.386] thr=1   paramiko.transport: 
DEB [20180919-14:44:32.590] thr=1   paramiko.transport: starting thread (server mode): 0x900d9ef0
DEB [20180919-14:44:32.591] thr=1   paramiko.transport: Local version/idstring: SSH-2.0-paramiko_2.4.1
DEB [20180919-14:44:32.591] thr=1   paramiko.transport: Remote version/idstring: SSH-2.0-paramiko_2.4.1
INF [20180919-14:44:32.591] thr=1   paramiko.transport: Connected (version 2.0, client paramiko_2.4.1)
DEB [20180919-14:44:32.591] thr=1   paramiko.transport: kex algos:['ecdh-sha2-nistp256', 'ecdh-sha2-nistp384', 'ecdh-sha2-nistp521', 'diffie-hellman-group-exchange-sha256', 'diffie-hellman-group-exchange-sha1', 'diffie-hellman-group14-sha1', 'diffie-hellman-group1-sha1'] server key:['ssh-ed25519', 'ecdsa-sha2-nistp256', 'ecdsa-sha2-nistp384', 'ecdsa-sha2-nistp521', 'ssh-rsa', 'ssh-dss'] client encrypt:['aes128-ctr', 'aes192-ctr', 'aes256-ctr', 'aes128-cbc', 'aes192-cbc', 'aes256-cbc', 'blowfish-cbc', '3des-cbc'] server encrypt:['aes128-ctr', 'aes192-ctr', 'aes256-ctr', 'aes128-cbc', 'aes192-cbc', 'aes256-cbc', 'blowfish-cbc', '3des-cbc'] client mac:['hmac-sha2-256', 'hmac-sha2-512', 'hmac-sha1', 'hmac-md5', 'hmac-sha1-96', 'hmac-md5-96'] server mac:['hmac-sha2-256', 'hmac-sha2-512', 'hmac-sha1', 'hmac-md5', 'hmac-sha1-96', 'hmac-md5-96'] client compress:['none'] server compress:['none'] client lang:[''] server lang:[''] kex follows?False
DEB [20180919-14:44:32.591] thr=1   paramiko.transport: Kex agreed: ecdh-sha2-nistp256
DEB [20180919-14:44:32.591] thr=1   paramiko.transport: HostKey agreed: ssh-rsa
DEB [20180919-14:44:32.591] thr=1   paramiko.transport: Cipher agreed: aes128-ctr
DEB [20180919-14:44:32.592] thr=1   paramiko.transport: MAC agreed: hmac-sha2-256
DEB [20180919-14:44:32.592] thr=1   paramiko.transport: Compression agreed: none
DEB [20180919-14:44:32.630] thr=1   paramiko.transport: kex engine KexNistp256 specified hash_algo <built-in function openssl_sha256>
DEB [20180919-14:44:32.631] thr=1   paramiko.transport: Switch to new keys ...
DEB [20180919-14:44:32.633] thr=1   paramiko.transport: Auth request (type=password) service=ssh-connection, username=aries
INF [20180919-14:44:32.633] thr=1   paramiko.transport: Auth granted (password).
DEB [20180919-14:44:32.634] thr=1   paramiko.transport: [chan 0] Max packet in: 32768 bytes
DEB [20180919-14:44:32.634] thr=1   paramiko.transport: [chan 0] Max packet out: 32768 bytes
DEB [20180919-14:44:32.634] thr=1   paramiko.transport: Secsh channel 0 (session) opened.
DEB [20180919-14:44:32.635] thr=1   paramiko.transport: [chan 0] EOF received (0)
DEB [20180919-14:44:32.636] thr=1   paramiko.transport: [chan 0] EOF sent (0)
DEB [20180919-14:44:32.636] thr=1   paramiko.transport: EOF in transport thread
DEB [20180919-15:00:55.620] thr=1   paramiko.transport: starting thread (server mode): 0xe1d62cc0
DEB [20180919-15:00:55.620] thr=1   paramiko.transport: Local version/idstring: SSH-2.0-paramiko_2.4.1
DEB [20180919-15:00:55.620] thr=1   paramiko.transport: Remote version/idstring: SSH-2.0-paramiko_2.4.1
INF [20180919-15:00:55.620] thr=1   paramiko.transport: Connected (version 2.0, client paramiko_2.4.1)
DEB [20180919-15:00:55.621] thr=1   paramiko.transport: kex algos:['ecdh-sha2-nistp256', 'ecdh-sha2-nistp384', 'ecdh-sha2-nistp521', 'diffie-hellman-group-exchange-sha256', 'diffie-hellman-group-exchange-sha1', 'diffie-hellman-group14-sha1', 'diffie-hellman-group1-sha1'] server key:['ssh-ed25519', 'ecdsa-sha2-nistp256', 'ecdsa-sha2-nistp384', 'ecdsa-sha2-nistp521', 'ssh-rsa', 'ssh-dss'] client encrypt:['aes128-ctr', 'aes192-ctr', 'aes256-ctr', 'aes128-cbc', 'aes192-cbc', 'aes256-cbc', 'blowfish-cbc', '3des-cbc'] server encrypt:['aes128-ctr', 'aes192-ctr', 'aes256-ctr', 'aes128-cbc', 'aes192-cbc', 'aes256-cbc', 'blowfish-cbc', '3des-cbc'] client mac:['hmac-sha2-256', 'hmac-sha2-512', 'hmac-sha1', 'hmac-md5', 'hmac-sha1-96', 'hmac-md5-96'] server mac:['hmac-sha2-256', 'hmac-sha2-512', 'hmac-sha1', 'hmac-md5', 'hmac-sha1-96', 'hmac-md5-96'] client compress:['none'] server compress:['none'] client lang:[''] server lang:[''] kex follows?False
DEB [20180919-15:00:55.621] thr=1   paramiko.transport: Kex agreed: ecdh-sha2-nistp256
DEB [20180919-15:00:55.621] thr=1   paramiko.transport: HostKey agreed: ssh-rsa
DEB [20180919-15:00:55.621] thr=1   paramiko.transport: Cipher agreed: aes128-ctr
DEB [20180919-15:00:55.621] thr=1   paramiko.transport: MAC agreed: hmac-sha2-256
DEB [20180919-15:00:55.621] thr=1   paramiko.transport: Compression agreed: none
DEB [20180919-15:00:55.660] thr=1   paramiko.transport: kex engine KexNistp256 specified hash_algo <built-in function openssl_sha256>
DEB [20180919-15:00:55.660] thr=1   paramiko.transport: Switch to new keys ...
DEB [20180919-15:00:55.663] thr=1   paramiko.transport: Auth request (type=password) service=ssh-connection, username=aries
INF [20180919-15:00:55.663] thr=1   paramiko.transport: Auth granted (password).
DEB [20180919-15:00:55.664] thr=1   paramiko.transport: [chan 0] Max packet in: 32768 bytes
DEB [20180919-15:00:55.664] thr=1   paramiko.transport: [chan 0] Max packet out: 32768 bytes
DEB [20180919-15:00:55.664] thr=1   paramiko.transport: Secsh channel 0 (session) opened.
ERR [20180919-15:02:39.556] thr=1   paramiko.transport: Socket exception:  (10054)
DEB [20180919-15:03:54.838] thr=1   paramiko.transport: starting thread (server mode): 0xf8aba198
DEB [20180919-15:03:54.838] thr=1   paramiko.transport: Local version/idstring: SSH-2.0-paramiko_2.4.1
DEB [20180919-15:03:54.838] thr=1   paramiko.transport: Remote version/idstring: SSH-2.0-paramiko_2.4.1
INF [20180919-15:03:54.838] thr=1   paramiko.transport: Connected (version 2.0, client paramiko_2.4.1)
DEB [20180919-15:03:54.839] thr=1   paramiko.transport: kex algos:['ecdh-sha2-nistp256', 'ecdh-sha2-nistp384', 'ecdh-sha2-nistp521', 'diffie-hellman-group-exchange-sha256', 'diffie-hellman-group-exchange-sha1', 'diffie-hellman-group14-sha1', 'diffie-hellman-group1-sha1'] server key:['ssh-ed25519', 'ecdsa-sha2-nistp256', 'ecdsa-sha2-nistp384', 'ecdsa-sha2-nistp521', 'ssh-rsa', 'ssh-dss'] client encrypt:['aes128-ctr', 'aes192-ctr', 'aes256-ctr', 'aes128-cbc', 'aes192-cbc', 'aes256-cbc', 'blowfish-cbc', '3des-cbc'] server encrypt:['aes128-ctr', 'aes192-ctr', 'aes256-ctr', 'aes128-cbc', 'aes192-cbc', 'aes256-cbc', 'blowfish-cbc', '3des-cbc'] client mac:['hmac-sha2-256', 'hmac-sha2-512', 'hmac-sha1', 'hmac-md5', 'hmac-sha1-96', 'hmac-md5-96'] server mac:['hmac-sha2-256', 'hmac-sha2-512', 'hmac-sha1', 'hmac-md5', 'hmac-sha1-96', 'hmac-md5-96'] client compress:['none'] server compress:['none'] client lang:[''] server lang:[''] kex follows?False
DEB [20180919-15:03:54.839] thr=1   paramiko.transport: Kex agreed: ecdh-sha2-nistp256
DEB [20180919-15:03:54.839] thr=1   paramiko.transport: HostKey agreed: ssh-rsa
DEB [20180919-15:03:54.839] thr=1   paramiko.transport: Cipher agreed: aes128-ctr
DEB [20180919-15:03:54.839] thr=1   paramiko.transport: MAC agreed: hmac-sha2-256
DEB [20180919-15:03:54.839] thr=1   paramiko.transport: Compression agreed: none
DEB [20180919-15:03:54.877] thr=1   paramiko.transport: kex engine KexNistp256 specified hash_algo <built-in function openssl_sha256>
DEB [20180919-15:03:54.878] thr=1   paramiko.transport: Switch to new keys ...
DEB [20180919-15:03:54.880] thr=1   paramiko.transport: EOF in transport thread
DEB [20180919-15:04:13.649] thr=1   paramiko.transport: starting thread (server mode): 0xb009ad30
DEB [20180919-15:04:13.649] thr=1   paramiko.transport: Local version/idstring: SSH-2.0-paramiko_2.4.1
DEB [20180919-15:04:13.649] thr=1   paramiko.transport: Remote version/idstring: SSH-2.0-paramiko_2.4.1
INF [20180919-15:04:13.649] thr=1   paramiko.transport: Connected (version 2.0, client paramiko_2.4.1)
DEB [20180919-15:04:13.650] thr=1   paramiko.transport: kex algos:['ecdh-sha2-nistp256', 'ecdh-sha2-nistp384', 'ecdh-sha2-nistp521', 'diffie-hellman-group-exchange-sha256', 'diffie-hellman-group-exchange-sha1', 'diffie-hellman-group14-sha1', 'diffie-hellman-group1-sha1'] server key:['ssh-ed25519', 'ecdsa-sha2-nistp256', 'ecdsa-sha2-nistp384', 'ecdsa-sha2-nistp521', 'ssh-rsa', 'ssh-dss'] client encrypt:['aes128-ctr', 'aes192-ctr', 'aes256-ctr', 'aes128-cbc', 'aes192-cbc', 'aes256-cbc', 'blowfish-cbc', '3des-cbc'] server encrypt:['aes128-ctr', 'aes192-ctr', 'aes256-ctr', 'aes128-cbc', 'aes192-cbc', 'aes256-cbc', 'blowfish-cbc', '3des-cbc'] client mac:['hmac-sha2-256', 'hmac-sha2-512', 'hmac-sha1', 'hmac-md5', 'hmac-sha1-96', 'hmac-md5-96'] server mac:['hmac-sha2-256', 'hmac-sha2-512', 'hmac-sha1', 'hmac-md5', 'hmac-sha1-96', 'hmac-md5-96'] client compress:['none'] server compress:['none'] client lang:[''] server lang:[''] kex follows?False
DEB [20180919-15:04:13.650] thr=1   paramiko.transport: Kex agreed: ecdh-sha2-nistp256
DEB [20180919-15:04:13.650] thr=1   paramiko.transport: HostKey agreed: ssh-rsa
DEB [20180919-15:04:13.650] thr=1   paramiko.transport: Cipher agreed: aes128-ctr
DEB [20180919-15:04:13.650] thr=1   paramiko.transport: MAC agreed: hmac-sha2-256
DEB [20180919-15:04:13.650] thr=1   paramiko.transport: Compression agreed: none
DEB [20180919-15:04:13.689] thr=1   paramiko.transport: kex engine KexNistp256 specified hash_algo <built-in function openssl_sha256>
DEB [20180919-15:04:13.689] thr=1   paramiko.transport: Switch to new keys ...
DEB [20180919-15:04:13.693] thr=1   paramiko.transport: Auth request (type=publickey) service=ssh-connection, username=aries
INF [20180919-15:04:13.694] thr=1   paramiko.transport: Auth granted (publickey).
DEB [20180919-15:04:13.695] thr=1   paramiko.transport: [chan 0] Max packet in: 32768 bytes
DEB [20180919-15:04:13.695] thr=1   paramiko.transport: [chan 0] Max packet out: 32768 bytes
DEB [20180919-15:04:13.695] thr=1   paramiko.transport: Secsh channel 0 (session) opened.
